<?xml version="1.0" encoding="UTF-8"?>
<!-- Generated by org.testng.reporters.JUnitReportReporter -->
<testsuite skipped="0" hostname="DESKTOP-U0MKK7L" name="com.amazon.AppTestRun" tests="2" failures="0" timestamp="02 nov 2020 17:06:45 GMT" time="19.780" errors="0">
  <testcase name="runScenario" time="9.564" classname="com.amazon.AppTestRun"/>
  <testcase name="runScenario" time="10.216" classname="com.amazon.AppTestRun"/>
</testsuite> <!-- com.amazon.AppTestRun -->
